[2020-01-14 07:41:17.375] [exthost] [info] extension host started
[2020-01-14 07:41:17.420] [exthost] [info] ExtensionService#_doActivateExtension vscode.debug-auto-launch {"startup":true,"extensionId":{"value":"vscode.debug-auto-launch","_lower":"vscode.debug-auto-launch"},"activationEvent":"*"}
[2020-01-14 07:41:17.421] [exthost] [info] ExtensionService#loadCommonJSModule file:///usr/share/code/resources/app/extensions/debug-auto-launch/dist/extension
[2020-01-14 07:41:17.433] [exthost] [info] ExtensionService#_doActivateExtension vscode.emmet {"startup":true,"extensionId":{"value":"vscode.emmet","_lower":"vscode.emmet"},"activationEvent":"*"}
[2020-01-14 07:41:17.433] [exthost] [info] ExtensionService#loadCommonJSModule file:///usr/share/code/resources/app/extensions/emmet/dist/extension
[2020-01-14 07:41:17.491] [exthost] [info] ExtensionService#_doActivateExtension vscode.git {"startup":true,"extensionId":{"value":"vscode.git","_lower":"vscode.git"},"activationEvent":"*"}
[2020-01-14 07:41:17.491] [exthost] [info] ExtensionService#loadCommonJSModule file:///usr/share/code/resources/app/extensions/git/dist/main
[2020-01-14 07:41:17.571] [exthost] [info] ExtensionService#_doActivateExtension vscode.merge-conflict {"startup":true,"extensionId":{"value":"vscode.merge-conflict","_lower":"vscode.merge-conflict"},"activationEvent":"*"}
[2020-01-14 07:41:17.571] [exthost] [info] ExtensionService#loadCommonJSModule file:///usr/share/code/resources/app/extensions/merge-conflict/dist/extension
[2020-01-14 07:41:17.582] [exthost] [info] ExtensionService#_doActivateExtension vscode.search-result {"startup":true,"extensionId":{"value":"vscode.search-result","_lower":"vscode.search-result"},"activationEvent":"*"}
[2020-01-14 07:41:17.582] [exthost] [info] ExtensionService#loadCommonJSModule file:///usr/share/code/resources/app/extensions/search-result/dist/extension.js
[2020-01-14 07:41:17.584] [exthost] [info] ExtensionService#_doActivateExtension esbenp.prettier-vscode {"startup":true,"extensionId":{"value":"esbenp.prettier-vscode","_lower":"esbenp.prettier-vscode"},"activationEvent":"*"}
[2020-01-14 07:41:17.584] [exthost] [info] ExtensionService#loadCommonJSModule file:///home/danielharo/.vscode/extensions/esbenp.prettier-vscode-3.18.0/dist/extension
[2020-01-14 07:41:17.800] [exthost] [info] eager extensions activated
[2020-01-14 07:41:31.265] [exthost] [info] extension host started
[2020-01-14 07:41:31.290] [exthost] [info] ExtensionService#_doActivateExtension vscode.debug-auto-launch {"startup":true,"extensionId":{"value":"vscode.debug-auto-launch","_lower":"vscode.debug-auto-launch"},"activationEvent":"*"}
[2020-01-14 07:41:31.290] [exthost] [info] ExtensionService#loadCommonJSModule file:///usr/share/code/resources/app/extensions/debug-auto-launch/dist/extension
[2020-01-14 07:41:31.293] [exthost] [info] ExtensionService#_doActivateExtension vscode.emmet {"startup":true,"extensionId":{"value":"vscode.emmet","_lower":"vscode.emmet"},"activationEvent":"*"}
[2020-01-14 07:41:31.294] [exthost] [info] ExtensionService#loadCommonJSModule file:///usr/share/code/resources/app/extensions/emmet/dist/extension
[2020-01-14 07:41:31.333] [exthost] [info] ExtensionService#_doActivateExtension vscode.git {"startup":true,"extensionId":{"value":"vscode.git","_lower":"vscode.git"},"activationEvent":"*"}
[2020-01-14 07:41:31.333] [exthost] [info] ExtensionService#loadCommonJSModule file:///usr/share/code/resources/app/extensions/git/dist/main
[2020-01-14 07:41:31.355] [exthost] [info] ExtensionService#_doActivateExtension vscode.merge-conflict {"startup":true,"extensionId":{"value":"vscode.merge-conflict","_lower":"vscode.merge-conflict"},"activationEvent":"*"}
[2020-01-14 07:41:31.355] [exthost] [info] ExtensionService#loadCommonJSModule file:///usr/share/code/resources/app/extensions/merge-conflict/dist/extension
[2020-01-14 07:41:31.357] [exthost] [info] ExtensionService#_doActivateExtension vscode.search-result {"startup":true,"extensionId":{"value":"vscode.search-result","_lower":"vscode.search-result"},"activationEvent":"*"}
[2020-01-14 07:41:31.357] [exthost] [info] ExtensionService#loadCommonJSModule file:///usr/share/code/resources/app/extensions/search-result/dist/extension.js
[2020-01-14 07:41:31.359] [exthost] [info] ExtensionService#_doActivateExtension esbenp.prettier-vscode {"startup":true,"extensionId":{"value":"esbenp.prettier-vscode","_lower":"esbenp.prettier-vscode"},"activationEvent":"*"}
[2020-01-14 07:41:31.359] [exthost] [info] ExtensionService#loadCommonJSModule file:///home/danielharo/.vscode/extensions/esbenp.prettier-vscode-3.18.0/dist/extension
[2020-01-14 07:41:31.430] [exthost] [info] ExtensionService#_doActivateExtension vscode.npm {"startup":true,"extensionId":{"value":"vscode.npm","_lower":"vscode.npm"},"activationEvent":"workspaceContains:package.json"}
[2020-01-14 07:41:31.431] [exthost] [info] ExtensionService#loadCommonJSModule file:///usr/share/code/resources/app/extensions/npm/dist/main
[2020-01-14 07:41:31.830] [exthost] [info] eager extensions activated
[2020-01-14 07:43:00.577] [exthost] [info] ExtensionService#_doActivateExtension vscode.configuration-editing {"startup":false,"extensionId":{"value":"vscode.configuration-editing","_lower":"vscode.configuration-editing"},"activationEvent":"onLanguage:json"}
[2020-01-14 07:43:00.577] [exthost] [info] ExtensionService#loadCommonJSModule file:///usr/share/code/resources/app/extensions/configuration-editing/dist/extension
[2020-01-14 07:43:00.602] [exthost] [info] ExtensionService#_doActivateExtension vscode.extension-editing {"startup":false,"extensionId":{"value":"vscode.extension-editing","_lower":"vscode.extension-editing"},"activationEvent":"onLanguage:json"}
[2020-01-14 07:43:00.602] [exthost] [info] ExtensionService#loadCommonJSModule file:///usr/share/code/resources/app/extensions/extension-editing/dist/extension
[2020-01-14 07:43:00.636] [exthost] [info] ExtensionService#_doActivateExtension vscode.json-language-features {"startup":false,"extensionId":{"value":"vscode.json-language-features","_lower":"vscode.json-language-features"},"activationEvent":"onLanguage:json"}
[2020-01-14 07:43:00.636] [exthost] [info] ExtensionService#loadCommonJSModule file:///usr/share/code/resources/app/extensions/json-language-features/client/dist/jsonMain
[2020-01-14 07:43:01.291] [exthost] [info] ExtensionService#_doActivateExtension vscode.typescript-language-features {"startup":false,"extensionId":{"value":"vscode.typescript-language-features","_lower":"vscode.typescript-language-features"},"activationEvent":"onLanguage:jsonc"}
[2020-01-14 07:43:01.293] [exthost] [info] ExtensionService#loadCommonJSModule file:///usr/share/code/resources/app/extensions/typescript-language-features/dist/extension
[2020-01-14 07:52:48.166] [exthost] [error] [vscode.typescript-language-features] provider FAILED
[2020-01-14 07:52:48.170] [exthost] [error] Error: <semantic> TypeScript Server Error (3.7.3)
Cannot read property 'emitNode' of undefined
TypeError: Cannot read property 'emitNode' of undefined
    at Object.getCommentRange (tsserver.js:69029:29)
    at emitNodeList (tsserver.js:92885:51)
    at emitList (tsserver.js:92764:13)
    at Object.writeList (tsserver.js:90188:13)
    at tsserver.js:115321:29
    at Object.mapToDisplayParts (tsserver.js:103874:13)
    at itemInfoForParameters (tsserver.js:115318:41)
    at getSignatureHelpItem (tsserver.js:115284:95)
    at tsserver.js:115257:79
    at Array.map (<anonymous>)
    at createSignatureHelpItems (tsserver.js:115257:36)
    at tsserver.js:114849:23
    at Object.runWithCancellationToken (tsserver.js:33393:28)
    at Object.getSignatureHelpItems (tsserver.js:114847:32)
    at Object.getSignatureHelpItems (tsserver.js:130926:37)
    at IOSession.Session.getSignatureHelpItems (tsserver.js:140489:62)
    at Session.handlers.ts.createMapFromTemplate._a.<computed> (tsserver.js:139415:61)
    at tsserver.js:140929:88
    at IOSession.Session.executeWithRequestId (tsserver.js:140920:28)
    at IOSession.Session.executeCommand (tsserver.js:140929:33)
    at IOSession.Session.onMessage (tsserver.js:140952:35)
    at Interface.<anonymous> (tsserver.js:142267:27)
    at Interface.emit (events.js:200:13)
    at Interface._onLine (readline.js:314:10)
    at Interface._normalWrite (readline.js:459:12)
    at Socket.ondata (readline.js:170:10)
    at Socket.emit (events.js:200:13)
    at addChunk (_stream_readable.js:294:12)
    at readableAddChunk (_stream_readable.js:275:11)
    at Socket.Readable.push (_stream_readable.js:210:10)
    at Pipe.onStreamRead (internal/stream_base_commons.js:166:17)
	at Function.create (/usr/share/code/resources/app/extensions/typescript-language-features/dist/extension.js:1:47388)
	at h.dispatchResponse (/usr/share/code/resources/app/extensions/typescript-language-features/dist/extension.js:1:206557)
	at h.dispatchMessage (/usr/share/code/resources/app/extensions/typescript-language-features/dist/extension.js:1:205455)
	at /usr/share/code/resources/app/extensions/typescript-language-features/dist/extension.js:1:204931
	at l.fire (/usr/share/code/resources/app/out/vs/workbench/services/extensions/node/extensionHostProcess.js:46:893)
	at t.Reader.onLengthData (/usr/share/code/resources/app/extensions/typescript-language-features/dist/extension.js:1:212021)
	at Socket.<anonymous> (/usr/share/code/resources/app/extensions/typescript-language-features/dist/extension.js:1:211669)
	at Socket.emit (events.js:200:13)
	at addChunk (_stream_readable.js:294:12)
	at readableAddChunk (_stream_readable.js:275:11)
	at Socket.Readable.push (_stream_readable.js:210:10)
	at Pipe.onStreamRead (internal/stream_base_commons.js:166:17)
[2020-01-14 07:53:50.996] [exthost] [error] [vscode.typescript-language-features] provider FAILED
[2020-01-14 07:53:50.996] [exthost] [error] Error: <semantic> TypeScript Server Error (3.7.3)
Cannot read property 'emitNode' of undefined
TypeError: Cannot read property 'emitNode' of undefined
    at Object.getCommentRange (tsserver.js:69029:29)
    at emitNodeList (tsserver.js:92885:51)
    at emitList (tsserver.js:92764:13)
    at Object.writeList (tsserver.js:90188:13)
    at tsserver.js:115321:29
    at Object.mapToDisplayParts (tsserver.js:103874:13)
    at itemInfoForParameters (tsserver.js:115318:41)
    at getSignatureHelpItem (tsserver.js:115284:95)
    at tsserver.js:115257:79
    at Array.map (<anonymous>)
    at createSignatureHelpItems (tsserver.js:115257:36)
    at tsserver.js:114849:23
    at Object.runWithCancellationToken (tsserver.js:33393:28)
    at Object.getSignatureHelpItems (tsserver.js:114847:32)
    at Object.getSignatureHelpItems (tsserver.js:130926:37)
    at IOSession.Session.getSignatureHelpItems (tsserver.js:140489:62)
    at Session.handlers.ts.createMapFromTemplate._a.<computed> (tsserver.js:139415:61)
    at tsserver.js:140929:88
    at IOSession.Session.executeWithRequestId (tsserver.js:140920:28)
    at IOSession.Session.executeCommand (tsserver.js:140929:33)
    at IOSession.Session.onMessage (tsserver.js:140952:35)
    at Interface.<anonymous> (tsserver.js:142267:27)
    at Interface.emit (events.js:200:13)
    at Interface._onLine (readline.js:314:10)
    at Interface._normalWrite (readline.js:459:12)
    at Socket.ondata (readline.js:170:10)
    at Socket.emit (events.js:200:13)
    at addChunk (_stream_readable.js:294:12)
    at readableAddChunk (_stream_readable.js:275:11)
    at Socket.Readable.push (_stream_readable.js:210:10)
    at Pipe.onStreamRead (internal/stream_base_commons.js:166:17)
	at Function.create (/usr/share/code/resources/app/extensions/typescript-language-features/dist/extension.js:1:47388)
	at h.dispatchResponse (/usr/share/code/resources/app/extensions/typescript-language-features/dist/extension.js:1:206557)
	at h.dispatchMessage (/usr/share/code/resources/app/extensions/typescript-language-features/dist/extension.js:1:205455)
	at /usr/share/code/resources/app/extensions/typescript-language-features/dist/extension.js:1:204931
	at l.fire (/usr/share/code/resources/app/out/vs/workbench/services/extensions/node/extensionHostProcess.js:46:893)
	at t.Reader.onLengthData (/usr/share/code/resources/app/extensions/typescript-language-features/dist/extension.js:1:212021)
	at Socket.<anonymous> (/usr/share/code/resources/app/extensions/typescript-language-features/dist/extension.js:1:211669)
	at Socket.emit (events.js:200:13)
	at addChunk (_stream_readable.js:294:12)
	at readableAddChunk (_stream_readable.js:275:11)
	at Socket.Readable.push (_stream_readable.js:210:10)
	at Pipe.onStreamRead (internal/stream_base_commons.js:166:17)
[2020-01-14 07:54:15.220] [exthost] [error] [vscode.typescript-language-features] provider FAILED
[2020-01-14 07:54:15.220] [exthost] [error] Error: <semantic> TypeScript Server Error (3.7.3)
Cannot read property 'emitNode' of undefined
TypeError: Cannot read property 'emitNode' of undefined
    at Object.getCommentRange (tsserver.js:69029:29)
    at emitNodeList (tsserver.js:92885:51)
    at emitList (tsserver.js:92764:13)
    at Object.writeList (tsserver.js:90188:13)
    at tsserver.js:115321:29
    at Object.mapToDisplayParts (tsserver.js:103874:13)
    at itemInfoForParameters (tsserver.js:115318:41)
    at getSignatureHelpItem (tsserver.js:115284:95)
    at tsserver.js:115257:79
    at Array.map (<anonymous>)
    at createSignatureHelpItems (tsserver.js:115257:36)
    at tsserver.js:114849:23
    at Object.runWithCancellationToken (tsserver.js:33393:28)
    at Object.getSignatureHelpItems (tsserver.js:114847:32)
    at Object.getSignatureHelpItems (tsserver.js:130926:37)
    at IOSession.Session.getSignatureHelpItems (tsserver.js:140489:62)
    at Session.handlers.ts.createMapFromTemplate._a.<computed> (tsserver.js:139415:61)
    at tsserver.js:140929:88
    at IOSession.Session.executeWithRequestId (tsserver.js:140920:28)
    at IOSession.Session.executeCommand (tsserver.js:140929:33)
    at IOSession.Session.onMessage (tsserver.js:140952:35)
    at Interface.<anonymous> (tsserver.js:142267:27)
    at Interface.emit (events.js:200:13)
    at Interface._onLine (readline.js:314:10)
    at Interface._normalWrite (readline.js:459:12)
    at Socket.ondata (readline.js:170:10)
    at Socket.emit (events.js:200:13)
    at addChunk (_stream_readable.js:294:12)
    at readableAddChunk (_stream_readable.js:275:11)
    at Socket.Readable.push (_stream_readable.js:210:10)
    at Pipe.onStreamRead (internal/stream_base_commons.js:166:17)
	at Function.create (/usr/share/code/resources/app/extensions/typescript-language-features/dist/extension.js:1:47388)
	at h.dispatchResponse (/usr/share/code/resources/app/extensions/typescript-language-features/dist/extension.js:1:206557)
	at h.dispatchMessage (/usr/share/code/resources/app/extensions/typescript-language-features/dist/extension.js:1:205455)
	at /usr/share/code/resources/app/extensions/typescript-language-features/dist/extension.js:1:204931
	at l.fire (/usr/share/code/resources/app/out/vs/workbench/services/extensions/node/extensionHostProcess.js:46:893)
	at t.Reader.onLengthData (/usr/share/code/resources/app/extensions/typescript-language-features/dist/extension.js:1:212021)
	at Socket.<anonymous> (/usr/share/code/resources/app/extensions/typescript-language-features/dist/extension.js:1:211669)
	at Socket.emit (events.js:200:13)
	at addChunk (_stream_readable.js:294:12)
	at readableAddChunk (_stream_readable.js:275:11)
	at Socket.Readable.push (_stream_readable.js:210:10)
	at Pipe.onStreamRead (internal/stream_base_commons.js:166:17)
[2020-01-14 07:54:15.610] [exthost] [error] [vscode.typescript-language-features] provider FAILED
[2020-01-14 07:54:15.611] [exthost] [error] Error: <semantic> TypeScript Server Error (3.7.3)
Cannot read property 'emitNode' of undefined
TypeError: Cannot read property 'emitNode' of undefined
    at Object.getCommentRange (tsserver.js:69029:29)
    at emitNodeList (tsserver.js:92885:51)
    at emitList (tsserver.js:92764:13)
    at Object.writeList (tsserver.js:90188:13)
    at tsserver.js:115321:29
    at Object.mapToDisplayParts (tsserver.js:103874:13)
    at itemInfoForParameters (tsserver.js:115318:41)
    at getSignatureHelpItem (tsserver.js:115284:95)
    at tsserver.js:115257:79
    at Array.map (<anonymous>)
    at createSignatureHelpItems (tsserver.js:115257:36)
    at tsserver.js:114849:23
    at Object.runWithCancellationToken (tsserver.js:33393:28)
    at Object.getSignatureHelpItems (tsserver.js:114847:32)
    at Object.getSignatureHelpItems (tsserver.js:130926:37)
    at IOSession.Session.getSignatureHelpItems (tsserver.js:140489:62)
    at Session.handlers.ts.createMapFromTemplate._a.<computed> (tsserver.js:139415:61)
    at tsserver.js:140929:88
    at IOSession.Session.executeWithRequestId (tsserver.js:140920:28)
    at IOSession.Session.executeCommand (tsserver.js:140929:33)
    at IOSession.Session.onMessage (tsserver.js:140952:35)
    at Interface.<anonymous> (tsserver.js:142267:27)
    at Interface.emit (events.js:200:13)
    at Interface._onLine (readline.js:314:10)
    at Interface._normalWrite (readline.js:459:12)
    at Socket.ondata (readline.js:170:10)
    at Socket.emit (events.js:200:13)
    at addChunk (_stream_readable.js:294:12)
    at readableAddChunk (_stream_readable.js:275:11)
    at Socket.Readable.push (_stream_readable.js:210:10)
    at Pipe.onStreamRead (internal/stream_base_commons.js:166:17)
	at Function.create (/usr/share/code/resources/app/extensions/typescript-language-features/dist/extension.js:1:47388)
	at h.dispatchResponse (/usr/share/code/resources/app/extensions/typescript-language-features/dist/extension.js:1:206557)
	at h.dispatchMessage (/usr/share/code/resources/app/extensions/typescript-language-features/dist/extension.js:1:205455)
	at /usr/share/code/resources/app/extensions/typescript-language-features/dist/extension.js:1:204931
	at l.fire (/usr/share/code/resources/app/out/vs/workbench/services/extensions/node/extensionHostProcess.js:46:893)
	at t.Reader.onLengthData (/usr/share/code/resources/app/extensions/typescript-language-features/dist/extension.js:1:212021)
	at Socket.<anonymous> (/usr/share/code/resources/app/extensions/typescript-language-features/dist/extension.js:1:211669)
	at Socket.emit (events.js:200:13)
	at addChunk (_stream_readable.js:294:12)
	at readableAddChunk (_stream_readable.js:275:11)
	at Socket.Readable.push (_stream_readable.js:210:10)
	at Pipe.onStreamRead (internal/stream_base_commons.js:166:17)
[2020-01-14 07:55:20.077] [exthost] [error] [vscode.typescript-language-features] provider FAILED
[2020-01-14 07:55:20.077] [exthost] [error] Error: DisposableStore is missing...
	at L._convertCompletionItem (/usr/share/code/resources/app/out/vs/workbench/services/extensions/node/extensionHostProcess.js:584:351)
	at /usr/share/code/resources/app/out/vs/workbench/services/extensions/node/extensionHostProcess.js:583:984
[2020-01-14 08:12:36.437] [exthost] [error] [vscode.typescript-language-features] provider FAILED
[2020-01-14 08:12:36.437] [exthost] [error] Error: <semantic> TypeScript Server Error (3.7.3)
Cannot read property 'emitNode' of undefined
TypeError: Cannot read property 'emitNode' of undefined
    at Object.getCommentRange (tsserver.js:69029:29)
    at emitNodeList (tsserver.js:92885:51)
    at emitList (tsserver.js:92764:13)
    at Object.writeList (tsserver.js:90188:13)
    at tsserver.js:115321:29
    at Object.mapToDisplayParts (tsserver.js:103874:13)
    at itemInfoForParameters (tsserver.js:115318:41)
    at getSignatureHelpItem (tsserver.js:115284:95)
    at tsserver.js:115257:79
    at Array.map (<anonymous>)
    at createSignatureHelpItems (tsserver.js:115257:36)
    at tsserver.js:114849:23
    at Object.runWithCancellationToken (tsserver.js:33393:28)
    at Object.getSignatureHelpItems (tsserver.js:114847:32)
    at Object.getSignatureHelpItems (tsserver.js:130926:37)
    at IOSession.Session.getSignatureHelpItems (tsserver.js:140489:62)
    at Session.handlers.ts.createMapFromTemplate._a.<computed> (tsserver.js:139415:61)
    at tsserver.js:140929:88
    at IOSession.Session.executeWithRequestId (tsserver.js:140920:28)
    at IOSession.Session.executeCommand (tsserver.js:140929:33)
    at IOSession.Session.onMessage (tsserver.js:140952:35)
    at Interface.<anonymous> (tsserver.js:142267:27)
    at Interface.emit (events.js:200:13)
    at Interface._onLine (readline.js:314:10)
    at Interface._normalWrite (readline.js:459:12)
    at Socket.ondata (readline.js:170:10)
    at Socket.emit (events.js:200:13)
    at addChunk (_stream_readable.js:294:12)
    at readableAddChunk (_stream_readable.js:275:11)
    at Socket.Readable.push (_stream_readable.js:210:10)
    at Pipe.onStreamRead (internal/stream_base_commons.js:166:17)
	at Function.create (/usr/share/code/resources/app/extensions/typescript-language-features/dist/extension.js:1:47388)
	at h.dispatchResponse (/usr/share/code/resources/app/extensions/typescript-language-features/dist/extension.js:1:206557)
	at h.dispatchMessage (/usr/share/code/resources/app/extensions/typescript-language-features/dist/extension.js:1:205455)
	at /usr/share/code/resources/app/extensions/typescript-language-features/dist/extension.js:1:204931
	at l.fire (/usr/share/code/resources/app/out/vs/workbench/services/extensions/node/extensionHostProcess.js:46:893)
	at t.Reader.onLengthData (/usr/share/code/resources/app/extensions/typescript-language-features/dist/extension.js:1:212021)
	at Socket.<anonymous> (/usr/share/code/resources/app/extensions/typescript-language-features/dist/extension.js:1:211669)
	at Socket.emit (events.js:200:13)
	at addChunk (_stream_readable.js:294:12)
	at readableAddChunk (_stream_readable.js:275:11)
	at Socket.Readable.push (_stream_readable.js:210:10)
	at Pipe.onStreamRead (internal/stream_base_commons.js:166:17)
[2020-01-14 08:12:39.556] [exthost] [error] [vscode.typescript-language-features] provider FAILED
[2020-01-14 08:12:39.556] [exthost] [error] Error: <semantic> TypeScript Server Error (3.7.3)
Cannot read property 'emitNode' of undefined
TypeError: Cannot read property 'emitNode' of undefined
    at Object.getCommentRange (tsserver.js:69029:29)
    at emitNodeList (tsserver.js:92885:51)
    at emitList (tsserver.js:92764:13)
    at Object.writeList (tsserver.js:90188:13)
    at tsserver.js:115321:29
    at Object.mapToDisplayParts (tsserver.js:103874:13)
    at itemInfoForParameters (tsserver.js:115318:41)
    at getSignatureHelpItem (tsserver.js:115284:95)
    at tsserver.js:115257:79
    at Array.map (<anonymous>)
    at createSignatureHelpItems (tsserver.js:115257:36)
    at tsserver.js:114916:120
    at Object.runWithCancellationToken (tsserver.js:33393:28)
    at tsserver.js:114916:44
    at Object.firstDefined (tsserver.js:200:26)
    at tsserver.js:114912:27
    at Object.firstDefined (tsserver.js:200:26)
    at createJSSignatureHelpItems (tsserver.js:114911:56)
    at Object.getSignatureHelpItems (tsserver.js:114845:56)
    at Object.getSignatureHelpItems (tsserver.js:130926:37)
    at IOSession.Session.getSignatureHelpItems (tsserver.js:140489:62)
    at Session.handlers.ts.createMapFromTemplate._a.<computed> (tsserver.js:139415:61)
    at tsserver.js:140929:88
    at IOSession.Session.executeWithRequestId (tsserver.js:140920:28)
    at IOSession.Session.executeCommand (tsserver.js:140929:33)
    at IOSession.Session.onMessage (tsserver.js:140952:35)
    at Interface.<anonymous> (tsserver.js:142267:27)
    at Interface.emit (events.js:200:13)
    at Interface._onLine (readline.js:314:10)
    at Interface._normalWrite (readline.js:459:12)
    at Socket.ondata (readline.js:170:10)
    at Socket.emit (events.js:200:13)
    at addChunk (_stream_readable.js:294:12)
    at readableAddChunk (_stream_readable.js:275:11)
    at Socket.Readable.push (_stream_readable.js:210:10)
    at Pipe.onStreamRead (internal/stream_base_commons.js:166:17)
	at Function.create (/usr/share/code/resources/app/extensions/typescript-language-features/dist/extension.js:1:47388)
	at h.dispatchResponse (/usr/share/code/resources/app/extensions/typescript-language-features/dist/extension.js:1:206557)
	at h.dispatchMessage (/usr/share/code/resources/app/extensions/typescript-language-features/dist/extension.js:1:205455)
	at /usr/share/code/resources/app/extensions/typescript-language-features/dist/extension.js:1:204931
	at l.fire (/usr/share/code/resources/app/out/vs/workbench/services/extensions/node/extensionHostProcess.js:46:893)
	at t.Reader.onLengthData (/usr/share/code/resources/app/extensions/typescript-language-features/dist/extension.js:1:212021)
	at Socket.<anonymous> (/usr/share/code/resources/app/extensions/typescript-language-features/dist/extension.js:1:211669)
	at Socket.emit (events.js:200:13)
	at addChunk (_stream_readable.js:294:12)
	at readableAddChunk (_stream_readable.js:275:11)
	at Socket.Readable.push (_stream_readable.js:210:10)
	at Pipe.onStreamRead (internal/stream_base_commons.js:166:17)
[2020-01-14 08:33:28.663] [exthost] [error] [vscode.typescript-language-features] provider FAILED
[2020-01-14 08:33:28.663] [exthost] [error] Error: <semantic> TypeScript Server Error (3.7.3)
Cannot read property 'emitNode' of undefined
TypeError: Cannot read property 'emitNode' of undefined
    at Object.getCommentRange (tsserver.js:69029:29)
    at emitNodeList (tsserver.js:92885:51)
    at emitList (tsserver.js:92764:13)
    at Object.writeList (tsserver.js:90188:13)
    at tsserver.js:115321:29
    at Object.mapToDisplayParts (tsserver.js:103874:13)
    at itemInfoForParameters (tsserver.js:115318:41)
    at getSignatureHelpItem (tsserver.js:115284:95)
    at tsserver.js:115257:79
    at Array.map (<anonymous>)
    at createSignatureHelpItems (tsserver.js:115257:36)
    at tsserver.js:114849:23
    at Object.runWithCancellationToken (tsserver.js:33393:28)
    at Object.getSignatureHelpItems (tsserver.js:114847:32)
    at Object.getSignatureHelpItems (tsserver.js:130926:37)
    at IOSession.Session.getSignatureHelpItems (tsserver.js:140489:62)
    at Session.handlers.ts.createMapFromTemplate._a.<computed> (tsserver.js:139415:61)
    at tsserver.js:140929:88
    at IOSession.Session.executeWithRequestId (tsserver.js:140920:28)
    at IOSession.Session.executeCommand (tsserver.js:140929:33)
    at IOSession.Session.onMessage (tsserver.js:140952:35)
    at Interface.<anonymous> (tsserver.js:142267:27)
    at Interface.emit (events.js:200:13)
    at Interface._onLine (readline.js:314:10)
    at Interface._normalWrite (readline.js:459:12)
    at Socket.ondata (readline.js:170:10)
    at Socket.emit (events.js:200:13)
    at addChunk (_stream_readable.js:294:12)
    at readableAddChunk (_stream_readable.js:275:11)
    at Socket.Readable.push (_stream_readable.js:210:10)
    at Pipe.onStreamRead (internal/stream_base_commons.js:166:17)
	at Function.create (/usr/share/code/resources/app/extensions/typescript-language-features/dist/extension.js:1:47388)
	at h.dispatchResponse (/usr/share/code/resources/app/extensions/typescript-language-features/dist/extension.js:1:206557)
	at h.dispatchMessage (/usr/share/code/resources/app/extensions/typescript-language-features/dist/extension.js:1:205455)
	at /usr/share/code/resources/app/extensions/typescript-language-features/dist/extension.js:1:204931
	at l.fire (/usr/share/code/resources/app/out/vs/workbench/services/extensions/node/extensionHostProcess.js:46:893)
	at t.Reader.onLengthData (/usr/share/code/resources/app/extensions/typescript-language-features/dist/extension.js:1:212021)
	at Socket.<anonymous> (/usr/share/code/resources/app/extensions/typescript-language-features/dist/extension.js:1:211669)
	at Socket.emit (events.js:200:13)
	at addChunk (_stream_readable.js:294:12)
	at readableAddChunk (_stream_readable.js:275:11)
	at Socket.Readable.push (_stream_readable.js:210:10)
	at Pipe.onStreamRead (internal/stream_base_commons.js:166:17)
[2020-01-14 08:37:41.465] [exthost] [error] [vscode.typescript-language-features] provider FAILED
[2020-01-14 08:37:41.466] [exthost] [error] Error: DisposableStore is missing...
	at L._convertCompletionItem (/usr/share/code/resources/app/out/vs/workbench/services/extensions/node/extensionHostProcess.js:584:351)
	at /usr/share/code/resources/app/out/vs/workbench/services/extensions/node/extensionHostProcess.js:583:984
[2020-01-14 08:37:41.864] [exthost] [error] [vscode.typescript-language-features] provider FAILED
[2020-01-14 08:37:41.864] [exthost] [error] Error: <semantic> TypeScript Server Error (3.7.3)
Cannot read property 'emitNode' of undefined
TypeError: Cannot read property 'emitNode' of undefined
    at Object.getCommentRange (tsserver.js:69029:29)
    at emitNodeList (tsserver.js:92885:51)
    at emitList (tsserver.js:92764:13)
    at Object.writeList (tsserver.js:90188:13)
    at tsserver.js:115321:29
    at Object.mapToDisplayParts (tsserver.js:103874:13)
    at itemInfoForParameters (tsserver.js:115318:41)
    at getSignatureHelpItem (tsserver.js:115284:95)
    at tsserver.js:115257:79
    at Array.map (<anonymous>)
    at createSignatureHelpItems (tsserver.js:115257:36)
    at tsserver.js:114849:23
    at Object.runWithCancellationToken (tsserver.js:33393:28)
    at Object.getSignatureHelpItems (tsserver.js:114847:32)
    at Object.getSignatureHelpItems (tsserver.js:130926:37)
    at IOSession.Session.getSignatureHelpItems (tsserver.js:140489:62)
    at Session.handlers.ts.createMapFromTemplate._a.<computed> (tsserver.js:139415:61)
    at tsserver.js:140929:88
    at IOSession.Session.executeWithRequestId (tsserver.js:140920:28)
    at IOSession.Session.executeCommand (tsserver.js:140929:33)
    at IOSession.Session.onMessage (tsserver.js:140952:35)
    at Interface.<anonymous> (tsserver.js:142267:27)
    at Interface.emit (events.js:200:13)
    at Interface._onLine (readline.js:314:10)
    at Interface._normalWrite (readline.js:459:12)
    at Socket.ondata (readline.js:170:10)
    at Socket.emit (events.js:200:13)
    at addChunk (_stream_readable.js:294:12)
    at readableAddChunk (_stream_readable.js:275:11)
    at Socket.Readable.push (_stream_readable.js:210:10)
    at Pipe.onStreamRead (internal/stream_base_commons.js:166:17)
	at Function.create (/usr/share/code/resources/app/extensions/typescript-language-features/dist/extension.js:1:47388)
	at h.dispatchResponse (/usr/share/code/resources/app/extensions/typescript-language-features/dist/extension.js:1:206557)
	at h.dispatchMessage (/usr/share/code/resources/app/extensions/typescript-language-features/dist/extension.js:1:205455)
	at /usr/share/code/resources/app/extensions/typescript-language-features/dist/extension.js:1:204931
	at l.fire (/usr/share/code/resources/app/out/vs/workbench/services/extensions/node/extensionHostProcess.js:46:893)
	at t.Reader.onLengthData (/usr/share/code/resources/app/extensions/typescript-language-features/dist/extension.js:1:212021)
	at Socket.<anonymous> (/usr/share/code/resources/app/extensions/typescript-language-features/dist/extension.js:1:211669)
	at Socket.emit (events.js:200:13)
	at addChunk (_stream_readable.js:294:12)
	at readableAddChunk (_stream_readable.js:275:11)
	at Socket.Readable.push (_stream_readable.js:210:10)
	at Pipe.onStreamRead (internal/stream_base_commons.js:166:17)
[2020-01-14 08:37:58.229] [exthost] [error] [vscode.typescript-language-features] provider FAILED
[2020-01-14 08:37:58.229] [exthost] [error] Error: <semantic> TypeScript Server Error (3.7.3)
Cannot read property 'emitNode' of undefined
TypeError: Cannot read property 'emitNode' of undefined
    at Object.getCommentRange (tsserver.js:69029:29)
    at emitNodeList (tsserver.js:92885:51)
    at emitList (tsserver.js:92764:13)
    at Object.writeList (tsserver.js:90188:13)
    at tsserver.js:115321:29
    at Object.mapToDisplayParts (tsserver.js:103874:13)
    at itemInfoForParameters (tsserver.js:115318:41)
    at getSignatureHelpItem (tsserver.js:115284:95)
    at tsserver.js:115257:79
    at Array.map (<anonymous>)
    at createSignatureHelpItems (tsserver.js:115257:36)
    at tsserver.js:114849:23
    at Object.runWithCancellationToken (tsserver.js:33393:28)
    at Object.getSignatureHelpItems (tsserver.js:114847:32)
    at Object.getSignatureHelpItems (tsserver.js:130926:37)
    at IOSession.Session.getSignatureHelpItems (tsserver.js:140489:62)
    at Session.handlers.ts.createMapFromTemplate._a.<computed> (tsserver.js:139415:61)
    at tsserver.js:140929:88
    at IOSession.Session.executeWithRequestId (tsserver.js:140920:28)
    at IOSession.Session.executeCommand (tsserver.js:140929:33)
    at IOSession.Session.onMessage (tsserver.js:140952:35)
    at Interface.<anonymous> (tsserver.js:142267:27)
    at Interface.emit (events.js:200:13)
    at Interface._onLine (readline.js:314:10)
    at Interface._normalWrite (readline.js:459:12)
    at Socket.ondata (readline.js:170:10)
    at Socket.emit (events.js:200:13)
    at addChunk (_stream_readable.js:294:12)
    at readableAddChunk (_stream_readable.js:275:11)
    at Socket.Readable.push (_stream_readable.js:210:10)
    at Pipe.onStreamRead (internal/stream_base_commons.js:166:17)
	at Function.create (/usr/share/code/resources/app/extensions/typescript-language-features/dist/extension.js:1:47388)
	at h.dispatchResponse (/usr/share/code/resources/app/extensions/typescript-language-features/dist/extension.js:1:206557)
	at h.dispatchMessage (/usr/share/code/resources/app/extensions/typescript-language-features/dist/extension.js:1:205455)
	at /usr/share/code/resources/app/extensions/typescript-language-features/dist/extension.js:1:204931
	at l.fire (/usr/share/code/resources/app/out/vs/workbench/services/extensions/node/extensionHostProcess.js:46:893)
	at t.Reader.onLengthData (/usr/share/code/resources/app/extensions/typescript-language-features/dist/extension.js:1:212021)
	at Socket.<anonymous> (/usr/share/code/resources/app/extensions/typescript-language-features/dist/extension.js:1:211669)
	at Socket.emit (events.js:200:13)
	at addChunk (_stream_readable.js:294:12)
	at readableAddChunk (_stream_readable.js:275:11)
	at Socket.Readable.push (_stream_readable.js:210:10)
	at Pipe.onStreamRead (internal/stream_base_commons.js:166:17)
[2020-01-14 08:37:58.838] [exthost] [error] [vscode.typescript-language-features] provider FAILED
[2020-01-14 08:37:58.839] [exthost] [error] Error: <semantic> TypeScript Server Error (3.7.3)
Cannot read property 'emitNode' of undefined
TypeError: Cannot read property 'emitNode' of undefined
    at Object.getCommentRange (tsserver.js:69029:29)
    at emitNodeList (tsserver.js:92885:51)
    at emitList (tsserver.js:92764:13)
    at Object.writeList (tsserver.js:90188:13)
    at tsserver.js:115321:29
    at Object.mapToDisplayParts (tsserver.js:103874:13)
    at itemInfoForParameters (tsserver.js:115318:41)
    at getSignatureHelpItem (tsserver.js:115284:95)
    at tsserver.js:115257:79
    at Array.map (<anonymous>)
    at createSignatureHelpItems (tsserver.js:115257:36)
    at tsserver.js:114849:23
    at Object.runWithCancellationToken (tsserver.js:33393:28)
    at Object.getSignatureHelpItems (tsserver.js:114847:32)
    at Object.getSignatureHelpItems (tsserver.js:130926:37)
    at IOSession.Session.getSignatureHelpItems (tsserver.js:140489:62)
    at Session.handlers.ts.createMapFromTemplate._a.<computed> (tsserver.js:139415:61)
    at tsserver.js:140929:88
    at IOSession.Session.executeWithRequestId (tsserver.js:140920:28)
    at IOSession.Session.executeCommand (tsserver.js:140929:33)
    at IOSession.Session.onMessage (tsserver.js:140952:35)
    at Interface.<anonymous> (tsserver.js:142267:27)
    at Interface.emit (events.js:200:13)
    at Interface._onLine (readline.js:314:10)
    at Interface._normalWrite (readline.js:459:12)
    at Socket.ondata (readline.js:170:10)
    at Socket.emit (events.js:200:13)
    at addChunk (_stream_readable.js:294:12)
    at readableAddChunk (_stream_readable.js:275:11)
    at Socket.Readable.push (_stream_readable.js:210:10)
    at Pipe.onStreamRead (internal/stream_base_commons.js:166:17)
	at Function.create (/usr/share/code/resources/app/extensions/typescript-language-features/dist/extension.js:1:47388)
	at h.dispatchResponse (/usr/share/code/resources/app/extensions/typescript-language-features/dist/extension.js:1:206557)
	at h.dispatchMessage (/usr/share/code/resources/app/extensions/typescript-language-features/dist/extension.js:1:205455)
	at /usr/share/code/resources/app/extensions/typescript-language-features/dist/extension.js:1:204931
	at l.fire (/usr/share/code/resources/app/out/vs/workbench/services/extensions/node/extensionHostProcess.js:46:893)
	at t.Reader.onLengthData (/usr/share/code/resources/app/extensions/typescript-language-features/dist/extension.js:1:212021)
	at Socket.<anonymous> (/usr/share/code/resources/app/extensions/typescript-language-features/dist/extension.js:1:211669)
	at Socket.emit (events.js:200:13)
	at addChunk (_stream_readable.js:294:12)
	at readableAddChunk (_stream_readable.js:275:11)
	at Socket.Readable.push (_stream_readable.js:210:10)
	at Pipe.onStreamRead (internal/stream_base_commons.js:166:17)
[2020-01-14 08:38:04.922] [exthost] [error] [vscode.typescript-language-features] provider FAILED
[2020-01-14 08:38:04.922] [exthost] [error] Error: <semantic> TypeScript Server Error (3.7.3)
Cannot read property 'emitNode' of undefined
TypeError: Cannot read property 'emitNode' of undefined
    at Object.getCommentRange (tsserver.js:69029:29)
    at emitNodeList (tsserver.js:92885:51)
    at emitList (tsserver.js:92764:13)
    at Object.writeList (tsserver.js:90188:13)
    at tsserver.js:115321:29
    at Object.mapToDisplayParts (tsserver.js:103874:13)
    at itemInfoForParameters (tsserver.js:115318:41)
    at getSignatureHelpItem (tsserver.js:115284:95)
    at tsserver.js:115257:79
    at Array.map (<anonymous>)
    at createSignatureHelpItems (tsserver.js:115257:36)
    at tsserver.js:114849:23
    at Object.runWithCancellationToken (tsserver.js:33393:28)
    at Object.getSignatureHelpItems (tsserver.js:114847:32)
    at Object.getSignatureHelpItems (tsserver.js:130926:37)
    at IOSession.Session.getSignatureHelpItems (tsserver.js:140489:62)
    at Session.handlers.ts.createMapFromTemplate._a.<computed> (tsserver.js:139415:61)
    at tsserver.js:140929:88
    at IOSession.Session.executeWithRequestId (tsserver.js:140920:28)
    at IOSession.Session.executeCommand (tsserver.js:140929:33)
    at IOSession.Session.onMessage (tsserver.js:140952:35)
    at Interface.<anonymous> (tsserver.js:142267:27)
    at Interface.emit (events.js:200:13)
    at Interface._onLine (readline.js:314:10)
    at Interface._normalWrite (readline.js:459:12)
    at Socket.ondata (readline.js:170:10)
    at Socket.emit (events.js:200:13)
    at addChunk (_stream_readable.js:294:12)
    at readableAddChunk (_stream_readable.js:275:11)
    at Socket.Readable.push (_stream_readable.js:210:10)
    at Pipe.onStreamRead (internal/stream_base_commons.js:166:17)
	at Function.create (/usr/share/code/resources/app/extensions/typescript-language-features/dist/extension.js:1:47388)
	at h.dispatchResponse (/usr/share/code/resources/app/extensions/typescript-language-features/dist/extension.js:1:206557)
	at h.dispatchMessage (/usr/share/code/resources/app/extensions/typescript-language-features/dist/extension.js:1:205455)
	at /usr/share/code/resources/app/extensions/typescript-language-features/dist/extension.js:1:204931
	at l.fire (/usr/share/code/resources/app/out/vs/workbench/services/extensions/node/extensionHostProcess.js:46:893)
	at t.Reader.onLengthData (/usr/share/code/resources/app/extensions/typescript-language-features/dist/extension.js:1:212021)
	at Socket.<anonymous> (/usr/share/code/resources/app/extensions/typescript-language-features/dist/extension.js:1:211669)
	at Socket.emit (events.js:200:13)
	at addChunk (_stream_readable.js:294:12)
	at readableAddChunk (_stream_readable.js:275:11)
	at Socket.Readable.push (_stream_readable.js:210:10)
	at Pipe.onStreamRead (internal/stream_base_commons.js:166:17)
[2020-01-14 08:39:46.049] [exthost] [error] [vscode.typescript-language-features] provider FAILED
[2020-01-14 08:39:46.049] [exthost] [error] Error: DisposableStore is missing...
	at L._convertCompletionItem (/usr/share/code/resources/app/out/vs/workbench/services/extensions/node/extensionHostProcess.js:584:351)
	at /usr/share/code/resources/app/out/vs/workbench/services/extensions/node/extensionHostProcess.js:583:984
[2020-01-14 09:27:44.810] [exthost] [error] [vscode.typescript-language-features] provider FAILED
[2020-01-14 09:27:44.810] [exthost] [error] Error: <semantic> TypeScript Server Error (3.7.3)
Debug Failure. False expression: Changes overlap
Verbose Debug Information: {"pos":61,"end":810} and {"pos":576,"end":586}
Error: Debug Failure. False expression: Changes overlap
Verbose Debug Information: {"pos":61,"end":810} and {"pos":576,"end":586}
    at _loop_10 (tsserver.js:119874:34)
    at tsserver.js:119880:25
    at Array.map (<anonymous>)
    at Object.getTextChangesFromChanges (tsserver.js:119868:86)
    at ChangeTracker.getChanges (tsserver.js:119838:45)
    at Function.ChangeTracker.with (tsserver.js:119360:32)
    at Object.getCodeActions (tsserver.js:122817:64)
    at tsserver.js:120400:121
    at Object.flatMap (tsserver.js:468:25)
    at Object.getFixes (tsserver.js:120400:23)
    at tsserver.js:131083:35
    at Object.flatMap (tsserver.js:468:25)
    at Object.getCodeFixesAtPosition (tsserver.js:131081:23)
    at IOSession.Session.getCodeFixes (tsserver.js:140736:64)
    at Session.handlers.ts.createMapFromTemplate._a.<computed> (tsserver.js:139521:61)
    at tsserver.js:140929:88
    at IOSession.Session.executeWithRequestId (tsserver.js:140920:28)
    at IOSession.Session.executeCommand (tsserver.js:140929:33)
    at IOSession.Session.onMessage (tsserver.js:140952:35)
    at Interface.<anonymous> (tsserver.js:142267:27)
    at Interface.emit (events.js:200:13)
    at Interface._onLine (readline.js:314:10)
    at Interface._normalWrite (readline.js:459:12)
    at Socket.ondata (readline.js:170:10)
    at Socket.emit (events.js:200:13)
    at addChunk (_stream_readable.js:294:12)
    at readableAddChunk (_stream_readable.js:275:11)
    at Socket.Readable.push (_stream_readable.js:210:10)
    at Pipe.onStreamRead (internal/stream_base_commons.js:166:17)
	at Function.create (/usr/share/code/resources/app/extensions/typescript-language-features/dist/extension.js:1:47388)
	at h.dispatchResponse (/usr/share/code/resources/app/extensions/typescript-language-features/dist/extension.js:1:206557)
	at h.dispatchMessage (/usr/share/code/resources/app/extensions/typescript-language-features/dist/extension.js:1:205455)
	at /usr/share/code/resources/app/extensions/typescript-language-features/dist/extension.js:1:204931
	at l.fire (/usr/share/code/resources/app/out/vs/workbench/services/extensions/node/extensionHostProcess.js:46:893)
	at t.Reader.onLengthData (/usr/share/code/resources/app/extensions/typescript-language-features/dist/extension.js:1:212021)
	at Socket.<anonymous> (/usr/share/code/resources/app/extensions/typescript-language-features/dist/extension.js:1:211669)
	at Socket.emit (events.js:200:13)
	at addChunk (_stream_readable.js:294:12)
	at readableAddChunk (_stream_readable.js:275:11)
	at Socket.Readable.push (_stream_readable.js:210:10)
	at Pipe.onStreamRead (internal/stream_base_commons.js:166:17)
[2020-01-14 09:27:48.287] [exthost] [error] [vscode.typescript-language-features] provider FAILED
[2020-01-14 09:27:48.288] [exthost] [error] Error: <semantic> TypeScript Server Error (3.7.3)
Debug Failure. False expression: Changes overlap
Verbose Debug Information: {"pos":59,"end":808} and {"pos":574,"end":584}
Error: Debug Failure. False expression: Changes overlap
Verbose Debug Information: {"pos":59,"end":808} and {"pos":574,"end":584}
    at _loop_10 (tsserver.js:119874:34)
    at tsserver.js:119880:25
    at Array.map (<anonymous>)
    at Object.getTextChangesFromChanges (tsserver.js:119868:86)
    at ChangeTracker.getChanges (tsserver.js:119838:45)
    at Function.ChangeTracker.with (tsserver.js:119360:32)
    at Object.getCodeActions (tsserver.js:122817:64)
    at tsserver.js:120400:121
    at Object.flatMap (tsserver.js:468:25)
    at Object.getFixes (tsserver.js:120400:23)
    at tsserver.js:131083:35
    at Object.flatMap (tsserver.js:468:25)
    at Object.getCodeFixesAtPosition (tsserver.js:131081:23)
    at IOSession.Session.getCodeFixes (tsserver.js:140736:64)
    at Session.handlers.ts.createMapFromTemplate._a.<computed> (tsserver.js:139521:61)
    at tsserver.js:140929:88
    at IOSession.Session.executeWithRequestId (tsserver.js:140920:28)
    at IOSession.Session.executeCommand (tsserver.js:140929:33)
    at IOSession.Session.onMessage (tsserver.js:140952:35)
    at Interface.<anonymous> (tsserver.js:142267:27)
    at Interface.emit (events.js:200:13)
    at Interface._onLine (readline.js:314:10)
    at Interface._normalWrite (readline.js:459:12)
    at Socket.ondata (readline.js:170:10)
    at Socket.emit (events.js:200:13)
    at addChunk (_stream_readable.js:294:12)
    at readableAddChunk (_stream_readable.js:275:11)
    at Socket.Readable.push (_stream_readable.js:210:10)
    at Pipe.onStreamRead (internal/stream_base_commons.js:166:17)
	at Function.create (/usr/share/code/resources/app/extensions/typescript-language-features/dist/extension.js:1:47388)
	at h.dispatchResponse (/usr/share/code/resources/app/extensions/typescript-language-features/dist/extension.js:1:206557)
	at h.dispatchMessage (/usr/share/code/resources/app/extensions/typescript-language-features/dist/extension.js:1:205455)
	at /usr/share/code/resources/app/extensions/typescript-language-features/dist/extension.js:1:204931
	at l.fire (/usr/share/code/resources/app/out/vs/workbench/services/extensions/node/extensionHostProcess.js:46:893)
	at t.Reader.onLengthData (/usr/share/code/resources/app/extensions/typescript-language-features/dist/extension.js:1:212021)
	at Socket.<anonymous> (/usr/share/code/resources/app/extensions/typescript-language-features/dist/extension.js:1:211669)
	at Socket.emit (events.js:200:13)
	at addChunk (_stream_readable.js:294:12)
	at readableAddChunk (_stream_readable.js:275:11)
	at Socket.Readable.push (_stream_readable.js:210:10)
	at Pipe.onStreamRead (internal/stream_base_commons.js:166:17)
[2020-01-14 09:27:50.475] [exthost] [error] [vscode.typescript-language-features] provider FAILED
[2020-01-14 09:27:50.475] [exthost] [error] Error: <semantic> TypeScript Server Error (3.7.3)
Debug Failure. False expression: Changes overlap
Verbose Debug Information: {"pos":60,"end":809} and {"pos":575,"end":585}
Error: Debug Failure. False expression: Changes overlap
Verbose Debug Information: {"pos":60,"end":809} and {"pos":575,"end":585}
    at _loop_10 (tsserver.js:119874:34)
    at tsserver.js:119880:25
    at Array.map (<anonymous>)
    at Object.getTextChangesFromChanges (tsserver.js:119868:86)
    at ChangeTracker.getChanges (tsserver.js:119838:45)
    at Function.ChangeTracker.with (tsserver.js:119360:32)
    at Object.getCodeActions (tsserver.js:122817:64)
    at tsserver.js:120400:121
    at Object.flatMap (tsserver.js:468:25)
    at Object.getFixes (tsserver.js:120400:23)
    at tsserver.js:131083:35
    at Object.flatMap (tsserver.js:468:25)
    at Object.getCodeFixesAtPosition (tsserver.js:131081:23)
    at IOSession.Session.getCodeFixes (tsserver.js:140736:64)
    at Session.handlers.ts.createMapFromTemplate._a.<computed> (tsserver.js:139521:61)
    at tsserver.js:140929:88
    at IOSession.Session.executeWithRequestId (tsserver.js:140920:28)
    at IOSession.Session.executeCommand (tsserver.js:140929:33)
    at IOSession.Session.onMessage (tsserver.js:140952:35)
    at Interface.<anonymous> (tsserver.js:142267:27)
    at Interface.emit (events.js:200:13)
    at Interface._onLine (readline.js:314:10)
    at Interface._normalWrite (readline.js:459:12)
    at Socket.ondata (readline.js:170:10)
    at Socket.emit (events.js:200:13)
    at addChunk (_stream_readable.js:294:12)
    at readableAddChunk (_stream_readable.js:275:11)
    at Socket.Readable.push (_stream_readable.js:210:10)
    at Pipe.onStreamRead (internal/stream_base_commons.js:166:17)
	at Function.create (/usr/share/code/resources/app/extensions/typescript-language-features/dist/extension.js:1:47388)
	at h.dispatchResponse (/usr/share/code/resources/app/extensions/typescript-language-features/dist/extension.js:1:206557)
	at h.dispatchMessage (/usr/share/code/resources/app/extensions/typescript-language-features/dist/extension.js:1:205455)
	at /usr/share/code/resources/app/extensions/typescript-language-features/dist/extension.js:1:204931
	at l.fire (/usr/share/code/resources/app/out/vs/workbench/services/extensions/node/extensionHostProcess.js:46:893)
	at t.Reader.onLengthData (/usr/share/code/resources/app/extensions/typescript-language-features/dist/extension.js:1:212021)
	at Socket.<anonymous> (/usr/share/code/resources/app/extensions/typescript-language-features/dist/extension.js:1:211669)
	at Socket.emit (events.js:200:13)
	at addChunk (_stream_readable.js:294:12)
	at readableAddChunk (_stream_readable.js:275:11)
	at Socket.Readable.push (_stream_readable.js:210:10)
	at Pipe.onStreamRead (internal/stream_base_commons.js:166:17)
[2020-01-14 09:27:52.314] [exthost] [error] [vscode.typescript-language-features] provider FAILED
[2020-01-14 09:27:52.314] [exthost] [error] Error: <semantic> TypeScript Server Error (3.7.3)
Debug Failure. False expression: Changes overlap
Verbose Debug Information: {"pos":60,"end":809} and {"pos":575,"end":585}
Error: Debug Failure. False expression: Changes overlap
Verbose Debug Information: {"pos":60,"end":809} and {"pos":575,"end":585}
    at _loop_10 (tsserver.js:119874:34)
    at tsserver.js:119880:25
    at Array.map (<anonymous>)
    at Object.getTextChangesFromChanges (tsserver.js:119868:86)
    at ChangeTracker.getChanges (tsserver.js:119838:45)
    at Function.ChangeTracker.with (tsserver.js:119360:32)
    at Object.getCodeActions (tsserver.js:122817:64)
    at tsserver.js:120400:121
    at Object.flatMap (tsserver.js:468:25)
    at Object.getFixes (tsserver.js:120400:23)
    at tsserver.js:131083:35
    at Object.flatMap (tsserver.js:468:25)
    at Object.getCodeFixesAtPosition (tsserver.js:131081:23)
    at IOSession.Session.getCodeFixes (tsserver.js:140736:64)
    at Session.handlers.ts.createMapFromTemplate._a.<computed> (tsserver.js:139521:61)
    at tsserver.js:140929:88
    at IOSession.Session.executeWithRequestId (tsserver.js:140920:28)
    at IOSession.Session.executeCommand (tsserver.js:140929:33)
    at IOSession.Session.onMessage (tsserver.js:140952:35)
    at Interface.<anonymous> (tsserver.js:142267:27)
    at Interface.emit (events.js:200:13)
    at Interface._onLine (readline.js:314:10)
    at Interface._normalWrite (readline.js:459:12)
    at Socket.ondata (readline.js:170:10)
    at Socket.emit (events.js:200:13)
    at addChunk (_stream_readable.js:294:12)
    at readableAddChunk (_stream_readable.js:275:11)
    at Socket.Readable.push (_stream_readable.js:210:10)
    at Pipe.onStreamRead (internal/stream_base_commons.js:166:17)
	at Function.create (/usr/share/code/resources/app/extensions/typescript-language-features/dist/extension.js:1:47388)
	at h.dispatchResponse (/usr/share/code/resources/app/extensions/typescript-language-features/dist/extension.js:1:206557)
	at h.dispatchMessage (/usr/share/code/resources/app/extensions/typescript-language-features/dist/extension.js:1:205455)
	at /usr/share/code/resources/app/extensions/typescript-language-features/dist/extension.js:1:204931
	at l.fire (/usr/share/code/resources/app/out/vs/workbench/services/extensions/node/extensionHostProcess.js:46:893)
	at t.Reader.onLengthData (/usr/share/code/resources/app/extensions/typescript-language-features/dist/extension.js:1:212021)
	at Socket.<anonymous> (/usr/share/code/resources/app/extensions/typescript-language-features/dist/extension.js:1:211669)
	at Socket.emit (events.js:200:13)
	at addChunk (_stream_readable.js:294:12)
	at readableAddChunk (_stream_readable.js:275:11)
	at Socket.Readable.push (_stream_readable.js:210:10)
	at Pipe.onStreamRead (internal/stream_base_commons.js:166:17)
[2020-01-14 09:27:54.165] [exthost] [error] [vscode.typescript-language-features] provider FAILED
[2020-01-14 09:27:54.165] [exthost] [error] Error: <semantic> TypeScript Server Error (3.7.3)
Debug Failure. False expression: Changes overlap
Verbose Debug Information: {"pos":61,"end":810} and {"pos":576,"end":586}
Error: Debug Failure. False expression: Changes overlap
Verbose Debug Information: {"pos":61,"end":810} and {"pos":576,"end":586}
    at _loop_10 (tsserver.js:119874:34)
    at tsserver.js:119880:25
    at Array.map (<anonymous>)
    at Object.getTextChangesFromChanges (tsserver.js:119868:86)
    at ChangeTracker.getChanges (tsserver.js:119838:45)
    at Function.ChangeTracker.with (tsserver.js:119360:32)
    at Object.getCodeActions (tsserver.js:122817:64)
    at tsserver.js:120400:121
    at Object.flatMap (tsserver.js:468:25)
    at Object.getFixes (tsserver.js:120400:23)
    at tsserver.js:131083:35
    at Object.flatMap (tsserver.js:468:25)
    at Object.getCodeFixesAtPosition (tsserver.js:131081:23)
    at IOSession.Session.getCodeFixes (tsserver.js:140736:64)
    at Session.handlers.ts.createMapFromTemplate._a.<computed> (tsserver.js:139521:61)
    at tsserver.js:140929:88
    at IOSession.Session.executeWithRequestId (tsserver.js:140920:28)
    at IOSession.Session.executeCommand (tsserver.js:140929:33)
    at IOSession.Session.onMessage (tsserver.js:140952:35)
    at Interface.<anonymous> (tsserver.js:142267:27)
    at Interface.emit (events.js:200:13)
    at Interface._onLine (readline.js:314:10)
    at Interface._normalWrite (readline.js:459:12)
    at Socket.ondata (readline.js:170:10)
    at Socket.emit (events.js:200:13)
    at addChunk (_stream_readable.js:294:12)
    at readableAddChunk (_stream_readable.js:275:11)
    at Socket.Readable.push (_stream_readable.js:210:10)
    at Pipe.onStreamRead (internal/stream_base_commons.js:166:17)
	at Function.create (/usr/share/code/resources/app/extensions/typescript-language-features/dist/extension.js:1:47388)
	at h.dispatchResponse (/usr/share/code/resources/app/extensions/typescript-language-features/dist/extension.js:1:206557)
	at h.dispatchMessage (/usr/share/code/resources/app/extensions/typescript-language-features/dist/extension.js:1:205455)
	at /usr/share/code/resources/app/extensions/typescript-language-features/dist/extension.js:1:204931
	at l.fire (/usr/share/code/resources/app/out/vs/workbench/services/extensions/node/extensionHostProcess.js:46:893)
	at t.Reader.onLengthData (/usr/share/code/resources/app/extensions/typescript-language-features/dist/extension.js:1:212021)
	at Socket.<anonymous> (/usr/share/code/resources/app/extensions/typescript-language-features/dist/extension.js:1:211669)
	at Socket.emit (events.js:200:13)
	at addChunk (_stream_readable.js:294:12)
	at readableAddChunk (_stream_readable.js:275:11)
	at Socket.Readable.push (_stream_readable.js:210:10)
	at Pipe.onStreamRead (internal/stream_base_commons.js:166:17)
[2020-01-14 09:27:55.969] [exthost] [error] [vscode.typescript-language-features] provider FAILED
[2020-01-14 09:27:55.969] [exthost] [error] Error: <semantic> TypeScript Server Error (3.7.3)
Debug Failure. False expression: Changes overlap
Verbose Debug Information: {"pos":64,"end":813} and {"pos":579,"end":589}
Error: Debug Failure. False expression: Changes overlap
Verbose Debug Information: {"pos":64,"end":813} and {"pos":579,"end":589}
    at _loop_10 (tsserver.js:119874:34)
    at tsserver.js:119880:25
    at Array.map (<anonymous>)
    at Object.getTextChangesFromChanges (tsserver.js:119868:86)
    at ChangeTracker.getChanges (tsserver.js:119838:45)
    at Function.ChangeTracker.with (tsserver.js:119360:32)
    at Object.getCodeActions (tsserver.js:122817:64)
    at tsserver.js:120400:121
    at Object.flatMap (tsserver.js:468:25)
    at Object.getFixes (tsserver.js:120400:23)
    at tsserver.js:131083:35
    at Object.flatMap (tsserver.js:468:25)
    at Object.getCodeFixesAtPosition (tsserver.js:131081:23)
    at IOSession.Session.getCodeFixes (tsserver.js:140736:64)
    at Session.handlers.ts.createMapFromTemplate._a.<computed> (tsserver.js:139521:61)
    at tsserver.js:140929:88
    at IOSession.Session.executeWithRequestId (tsserver.js:140920:28)
    at IOSession.Session.executeCommand (tsserver.js:140929:33)
    at IOSession.Session.onMessage (tsserver.js:140952:35)
    at Interface.<anonymous> (tsserver.js:142267:27)
    at Interface.emit (events.js:200:13)
    at Interface._onLine (readline.js:314:10)
    at Interface._normalWrite (readline.js:459:12)
    at Socket.ondata (readline.js:170:10)
    at Socket.emit (events.js:200:13)
    at addChunk (_stream_readable.js:294:12)
    at readableAddChunk (_stream_readable.js:275:11)
    at Socket.Readable.push (_stream_readable.js:210:10)
    at Pipe.onStreamRead (internal/stream_base_commons.js:166:17)
	at Function.create (/usr/share/code/resources/app/extensions/typescript-language-features/dist/extension.js:1:47388)
	at h.dispatchResponse (/usr/share/code/resources/app/extensions/typescript-language-features/dist/extension.js:1:206557)
	at h.dispatchMessage (/usr/share/code/resources/app/extensions/typescript-language-features/dist/extension.js:1:205455)
	at /usr/share/code/resources/app/extensions/typescript-language-features/dist/extension.js:1:204931
	at l.fire (/usr/share/code/resources/app/out/vs/workbench/services/extensions/node/extensionHostProcess.js:46:893)
	at t.Reader.onLengthData (/usr/share/code/resources/app/extensions/typescript-language-features/dist/extension.js:1:212021)
	at Socket.<anonymous> (/usr/share/code/resources/app/extensions/typescript-language-features/dist/extension.js:1:211669)
	at Socket.emit (events.js:200:13)
	at addChunk (_stream_readable.js:294:12)
	at readableAddChunk (_stream_readable.js:275:11)
	at Socket.Readable.push (_stream_readable.js:210:10)
	at Pipe.onStreamRead (internal/stream_base_commons.js:166:17)
[2020-01-14 09:27:57.177] [exthost] [error] [vscode.typescript-language-features] provider FAILED
[2020-01-14 09:27:57.178] [exthost] [error] Error: <semantic> TypeScript Server Error (3.7.3)
Debug Failure. False expression: Changes overlap
Verbose Debug Information: {"pos":65,"end":814} and {"pos":580,"end":590}
Error: Debug Failure. False expression: Changes overlap
Verbose Debug Information: {"pos":65,"end":814} and {"pos":580,"end":590}
    at _loop_10 (tsserver.js:119874:34)
    at tsserver.js:119880:25
    at Array.map (<anonymous>)
    at Object.getTextChangesFromChanges (tsserver.js:119868:86)
    at ChangeTracker.getChanges (tsserver.js:119838:45)
    at Function.ChangeTracker.with (tsserver.js:119360:32)
    at Object.getCodeActions (tsserver.js:122817:64)
    at tsserver.js:120400:121
    at Object.flatMap (tsserver.js:468:25)
    at Object.getFixes (tsserver.js:120400:23)
    at tsserver.js:131083:35
    at Object.flatMap (tsserver.js:468:25)
    at Object.getCodeFixesAtPosition (tsserver.js:131081:23)
    at IOSession.Session.getCodeFixes (tsserver.js:140736:64)
    at Session.handlers.ts.createMapFromTemplate._a.<computed> (tsserver.js:139521:61)
    at tsserver.js:140929:88
    at IOSession.Session.executeWithRequestId (tsserver.js:140920:28)
    at IOSession.Session.executeCommand (tsserver.js:140929:33)
    at IOSession.Session.onMessage (tsserver.js:140952:35)
    at Interface.<anonymous> (tsserver.js:142267:27)
    at Interface.emit (events.js:200:13)
    at Interface._onLine (readline.js:314:10)
    at Interface._normalWrite (readline.js:459:12)
    at Socket.ondata (readline.js:170:10)
    at Socket.emit (events.js:200:13)
    at addChunk (_stream_readable.js:294:12)
    at readableAddChunk (_stream_readable.js:275:11)
    at Socket.Readable.push (_stream_readable.js:210:10)
    at Pipe.onStreamRead (internal/stream_base_commons.js:166:17)
	at Function.create (/usr/share/code/resources/app/extensions/typescript-language-features/dist/extension.js:1:47388)
	at h.dispatchResponse (/usr/share/code/resources/app/extensions/typescript-language-features/dist/extension.js:1:206557)
	at h.dispatchMessage (/usr/share/code/resources/app/extensions/typescript-language-features/dist/extension.js:1:205455)
	at /usr/share/code/resources/app/extensions/typescript-language-features/dist/extension.js:1:204931
	at l.fire (/usr/share/code/resources/app/out/vs/workbench/services/extensions/node/extensionHostProcess.js:46:893)
	at t.Reader.onLengthData (/usr/share/code/resources/app/extensions/typescript-language-features/dist/extension.js:1:212021)
	at Socket.<anonymous> (/usr/share/code/resources/app/extensions/typescript-language-features/dist/extension.js:1:211669)
	at Socket.emit (events.js:200:13)
	at addChunk (_stream_readable.js:294:12)
	at readableAddChunk (_stream_readable.js:275:11)
	at Socket.Readable.push (_stream_readable.js:210:10)
	at Pipe.onStreamRead (internal/stream_base_commons.js:166:17)
[2020-01-14 09:27:58.938] [exthost] [error] [vscode.typescript-language-features] provider FAILED
[2020-01-14 09:27:58.938] [exthost] [error] Error: <semantic> TypeScript Server Error (3.7.3)
Debug Failure. False expression: Changes overlap
Verbose Debug Information: {"pos":71,"end":820} and {"pos":586,"end":596}
Error: Debug Failure. False expression: Changes overlap
Verbose Debug Information: {"pos":71,"end":820} and {"pos":586,"end":596}
    at _loop_10 (tsserver.js:119874:34)
    at tsserver.js:119880:25
    at Array.map (<anonymous>)
    at Object.getTextChangesFromChanges (tsserver.js:119868:86)
    at ChangeTracker.getChanges (tsserver.js:119838:45)
    at Function.ChangeTracker.with (tsserver.js:119360:32)
    at Object.getCodeActions (tsserver.js:122817:64)
    at tsserver.js:120400:121
    at Object.flatMap (tsserver.js:468:25)
    at Object.getFixes (tsserver.js:120400:23)
    at tsserver.js:131083:35
    at Object.flatMap (tsserver.js:468:25)
    at Object.getCodeFixesAtPosition (tsserver.js:131081:23)
    at IOSession.Session.getCodeFixes (tsserver.js:140736:64)
    at Session.handlers.ts.createMapFromTemplate._a.<computed> (tsserver.js:139521:61)
    at tsserver.js:140929:88
    at IOSession.Session.executeWithRequestId (tsserver.js:140920:28)
    at IOSession.Session.executeCommand (tsserver.js:140929:33)
    at IOSession.Session.onMessage (tsserver.js:140952:35)
    at Interface.<anonymous> (tsserver.js:142267:27)
    at Interface.emit (events.js:200:13)
    at Interface._onLine (readline.js:314:10)
    at Interface._normalWrite (readline.js:459:12)
    at Socket.ondata (readline.js:170:10)
    at Socket.emit (events.js:200:13)
    at addChunk (_stream_readable.js:294:12)
    at readableAddChunk (_stream_readable.js:275:11)
    at Socket.Readable.push (_stream_readable.js:210:10)
    at Pipe.onStreamRead (internal/stream_base_commons.js:166:17)
	at Function.create (/usr/share/code/resources/app/extensions/typescript-language-features/dist/extension.js:1:47388)
	at h.dispatchResponse (/usr/share/code/resources/app/extensions/typescript-language-features/dist/extension.js:1:206557)
	at h.dispatchMessage (/usr/share/code/resources/app/extensions/typescript-language-features/dist/extension.js:1:205455)
	at /usr/share/code/resources/app/extensions/typescript-language-features/dist/extension.js:1:204931
	at l.fire (/usr/share/code/resources/app/out/vs/workbench/services/extensions/node/extensionHostProcess.js:46:893)
	at t.Reader.onLengthData (/usr/share/code/resources/app/extensions/typescript-language-features/dist/extension.js:1:212021)
	at Socket.<anonymous> (/usr/share/code/resources/app/extensions/typescript-language-features/dist/extension.js:1:211669)
	at Socket.emit (events.js:200:13)
	at addChunk (_stream_readable.js:294:12)
	at readableAddChunk (_stream_readable.js:275:11)
	at Socket.Readable.push (_stream_readable.js:210:10)
	at Pipe.onStreamRead (internal/stream_base_commons.js:166:17)
[2020-01-14 09:28:01.200] [exthost] [error] [vscode.typescript-language-features] provider FAILED
[2020-01-14 09:28:01.200] [exthost] [error] Error: <semantic> TypeScript Server Error (3.7.3)
Debug Failure. False expression: Changes overlap
Verbose Debug Information: {"pos":74,"end":823} and {"pos":589,"end":599}
Error: Debug Failure. False expression: Changes overlap
Verbose Debug Information: {"pos":74,"end":823} and {"pos":589,"end":599}
    at _loop_10 (tsserver.js:119874:34)
    at tsserver.js:119880:25
    at Array.map (<anonymous>)
    at Object.getTextChangesFromChanges (tsserver.js:119868:86)
    at ChangeTracker.getChanges (tsserver.js:119838:45)
    at Function.ChangeTracker.with (tsserver.js:119360:32)
    at Object.getCodeActions (tsserver.js:122817:64)
    at tsserver.js:120400:121
    at Object.flatMap (tsserver.js:468:25)
    at Object.getFixes (tsserver.js:120400:23)
    at tsserver.js:131083:35
    at Object.flatMap (tsserver.js:468:25)
    at Object.getCodeFixesAtPosition (tsserver.js:131081:23)
    at IOSession.Session.getCodeFixes (tsserver.js:140736:64)
    at Session.handlers.ts.createMapFromTemplate._a.<computed> (tsserver.js:139521:61)
    at tsserver.js:140929:88
    at IOSession.Session.executeWithRequestId (tsserver.js:140920:28)
    at IOSession.Session.executeCommand (tsserver.js:140929:33)
    at IOSession.Session.onMessage (tsserver.js:140952:35)
    at Interface.<anonymous> (tsserver.js:142267:27)
    at Interface.emit (events.js:200:13)
    at Interface._onLine (readline.js:314:10)
    at Interface._normalWrite (readline.js:459:12)
    at Socket.ondata (readline.js:170:10)
    at Socket.emit (events.js:200:13)
    at addChunk (_stream_readable.js:294:12)
    at readableAddChunk (_stream_readable.js:275:11)
    at Socket.Readable.push (_stream_readable.js:210:10)
    at Pipe.onStreamRead (internal/stream_base_commons.js:166:17)
	at Function.create (/usr/share/code/resources/app/extensions/typescript-language-features/dist/extension.js:1:47388)
	at h.dispatchResponse (/usr/share/code/resources/app/extensions/typescript-language-features/dist/extension.js:1:206557)
	at h.dispatchMessage (/usr/share/code/resources/app/extensions/typescript-language-features/dist/extension.js:1:205455)
	at /usr/share/code/resources/app/extensions/typescript-language-features/dist/extension.js:1:204931
	at l.fire (/usr/share/code/resources/app/out/vs/workbench/services/extensions/node/extensionHostProcess.js:46:893)
	at t.Reader.onLengthData (/usr/share/code/resources/app/extensions/typescript-language-features/dist/extension.js:1:212021)
	at Socket.<anonymous> (/usr/share/code/resources/app/extensions/typescript-language-features/dist/extension.js:1:211669)
	at Socket.emit (events.js:200:13)
	at addChunk (_stream_readable.js:294:12)
	at readableAddChunk (_stream_readable.js:275:11)
	at Socket.Readable.push (_stream_readable.js:210:10)
	at Pipe.onStreamRead (internal/stream_base_commons.js:166:17)
[2020-01-14 09:30:10.474] [exthost] [error] [vscode.typescript-language-features] provider FAILED
[2020-01-14 09:30:10.475] [exthost] [error] Error: <semantic> TypeScript Server Error (3.7.3)
Cannot read property 'emitNode' of undefined
TypeError: Cannot read property 'emitNode' of undefined
    at Object.getCommentRange (tsserver.js:69029:29)
    at emitNodeList (tsserver.js:92885:51)
    at emitList (tsserver.js:92764:13)
    at Object.writeList (tsserver.js:90188:13)
    at tsserver.js:115321:29
    at Object.mapToDisplayParts (tsserver.js:103874:13)
    at itemInfoForParameters (tsserver.js:115318:41)
    at getSignatureHelpItem (tsserver.js:115284:95)
    at tsserver.js:115257:79
    at Array.map (<anonymous>)
    at createSignatureHelpItems (tsserver.js:115257:36)
    at tsserver.js:114849:23
    at Object.runWithCancellationToken (tsserver.js:33393:28)
    at Object.getSignatureHelpItems (tsserver.js:114847:32)
    at Object.getSignatureHelpItems (tsserver.js:130926:37)
    at IOSession.Session.getSignatureHelpItems (tsserver.js:140489:62)
    at Session.handlers.ts.createMapFromTemplate._a.<computed> (tsserver.js:139415:61)
    at tsserver.js:140929:88
    at IOSession.Session.executeWithRequestId (tsserver.js:140920:28)
    at IOSession.Session.executeCommand (tsserver.js:140929:33)
    at IOSession.Session.onMessage (tsserver.js:140952:35)
    at Interface.<anonymous> (tsserver.js:142267:27)
    at Interface.emit (events.js:200:13)
    at Interface._onLine (readline.js:314:10)
    at Interface._normalWrite (readline.js:459:12)
    at Socket.ondata (readline.js:170:10)
    at Socket.emit (events.js:200:13)
    at addChunk (_stream_readable.js:294:12)
    at readableAddChunk (_stream_readable.js:275:11)
    at Socket.Readable.push (_stream_readable.js:210:10)
    at Pipe.onStreamRead (internal/stream_base_commons.js:166:17)
	at Function.create (/usr/share/code/resources/app/extensions/typescript-language-features/dist/extension.js:1:47388)
	at h.dispatchResponse (/usr/share/code/resources/app/extensions/typescript-language-features/dist/extension.js:1:206557)
	at h.dispatchMessage (/usr/share/code/resources/app/extensions/typescript-language-features/dist/extension.js:1:205455)
	at /usr/share/code/resources/app/extensions/typescript-language-features/dist/extension.js:1:204931
	at l.fire (/usr/share/code/resources/app/out/vs/workbench/services/extensions/node/extensionHostProcess.js:46:893)
	at t.Reader.onLengthData (/usr/share/code/resources/app/extensions/typescript-language-features/dist/extension.js:1:212021)
	at Socket.<anonymous> (/usr/share/code/resources/app/extensions/typescript-language-features/dist/extension.js:1:211669)
	at Socket.emit (events.js:200:13)
	at addChunk (_stream_readable.js:294:12)
	at readableAddChunk (_stream_readable.js:275:11)
	at Socket.Readable.push (_stream_readable.js:210:10)
	at Pipe.onStreamRead (internal/stream_base_commons.js:166:17)
[2020-01-14 09:35:26.545] [exthost] [error] [vscode.typescript-language-features] provider FAILED
[2020-01-14 09:35:26.545] [exthost] [error] Error: <semantic> TypeScript Server Error (3.7.3)
Cannot read property 'emitNode' of undefined
TypeError: Cannot read property 'emitNode' of undefined
    at Object.getCommentRange (tsserver.js:69029:29)
    at emitNodeList (tsserver.js:92885:51)
    at emitList (tsserver.js:92764:13)
    at Object.writeList (tsserver.js:90188:13)
    at tsserver.js:115321:29
    at Object.mapToDisplayParts (tsserver.js:103874:13)
    at itemInfoForParameters (tsserver.js:115318:41)
    at getSignatureHelpItem (tsserver.js:115284:95)
    at tsserver.js:115257:79
    at Array.map (<anonymous>)
    at createSignatureHelpItems (tsserver.js:115257:36)
    at tsserver.js:114849:23
    at Object.runWithCancellationToken (tsserver.js:33393:28)
    at Object.getSignatureHelpItems (tsserver.js:114847:32)
    at Object.getSignatureHelpItems (tsserver.js:130926:37)
    at IOSession.Session.getSignatureHelpItems (tsserver.js:140489:62)
    at Session.handlers.ts.createMapFromTemplate._a.<computed> (tsserver.js:139415:61)
    at tsserver.js:140929:88
    at IOSession.Session.executeWithRequestId (tsserver.js:140920:28)
    at IOSession.Session.executeCommand (tsserver.js:140929:33)
    at IOSession.Session.onMessage (tsserver.js:140952:35)
    at Interface.<anonymous> (tsserver.js:142267:27)
    at Interface.emit (events.js:200:13)
    at Interface._onLine (readline.js:314:10)
    at Interface._normalWrite (readline.js:459:12)
    at Socket.ondata (readline.js:170:10)
    at Socket.emit (events.js:200:13)
    at addChunk (_stream_readable.js:294:12)
    at readableAddChunk (_stream_readable.js:275:11)
    at Socket.Readable.push (_stream_readable.js:210:10)
    at Pipe.onStreamRead (internal/stream_base_commons.js:166:17)
	at Function.create (/usr/share/code/resources/app/extensions/typescript-language-features/dist/extension.js:1:47388)
	at h.dispatchResponse (/usr/share/code/resources/app/extensions/typescript-language-features/dist/extension.js:1:206557)
	at h.dispatchMessage (/usr/share/code/resources/app/extensions/typescript-language-features/dist/extension.js:1:205455)
	at /usr/share/code/resources/app/extensions/typescript-language-features/dist/extension.js:1:204931
	at l.fire (/usr/share/code/resources/app/out/vs/workbench/services/extensions/node/extensionHostProcess.js:46:893)
	at t.Reader.onLengthData (/usr/share/code/resources/app/extensions/typescript-language-features/dist/extension.js:1:212021)
	at Socket.<anonymous> (/usr/share/code/resources/app/extensions/typescript-language-features/dist/extension.js:1:211669)
	at Socket.emit (events.js:200:13)
	at addChunk (_stream_readable.js:294:12)
	at readableAddChunk (_stream_readable.js:275:11)
	at Socket.Readable.push (_stream_readable.js:210:10)
	at Pipe.onStreamRead (internal/stream_base_commons.js:166:17)
[2020-01-14 09:35:37.236] [exthost] [error] [vscode.typescript-language-features] provider FAILED
[2020-01-14 09:35:37.236] [exthost] [error] Error: <semantic> TypeScript Server Error (3.7.3)
Cannot read property 'emitNode' of undefined
TypeError: Cannot read property 'emitNode' of undefined
    at Object.getCommentRange (tsserver.js:69029:29)
    at emitNodeList (tsserver.js:92885:51)
    at emitList (tsserver.js:92764:13)
    at Object.writeList (tsserver.js:90188:13)
    at tsserver.js:115321:29
    at Object.mapToDisplayParts (tsserver.js:103874:13)
    at itemInfoForParameters (tsserver.js:115318:41)
    at getSignatureHelpItem (tsserver.js:115284:95)
    at tsserver.js:115257:79
    at Array.map (<anonymous>)
    at createSignatureHelpItems (tsserver.js:115257:36)
    at tsserver.js:114849:23
    at Object.runWithCancellationToken (tsserver.js:33393:28)
    at Object.getSignatureHelpItems (tsserver.js:114847:32)
    at Object.getSignatureHelpItems (tsserver.js:130926:37)
    at IOSession.Session.getSignatureHelpItems (tsserver.js:140489:62)
    at Session.handlers.ts.createMapFromTemplate._a.<computed> (tsserver.js:139415:61)
    at tsserver.js:140929:88
    at IOSession.Session.executeWithRequestId (tsserver.js:140920:28)
    at IOSession.Session.executeCommand (tsserver.js:140929:33)
    at IOSession.Session.onMessage (tsserver.js:140952:35)
    at Interface.<anonymous> (tsserver.js:142267:27)
    at Interface.emit (events.js:200:13)
    at Interface._onLine (readline.js:314:10)
    at Interface._normalWrite (readline.js:459:12)
    at Socket.ondata (readline.js:170:10)
    at Socket.emit (events.js:200:13)
    at addChunk (_stream_readable.js:294:12)
    at readableAddChunk (_stream_readable.js:275:11)
    at Socket.Readable.push (_stream_readable.js:210:10)
    at Pipe.onStreamRead (internal/stream_base_commons.js:166:17)
	at Function.create (/usr/share/code/resources/app/extensions/typescript-language-features/dist/extension.js:1:47388)
	at h.dispatchResponse (/usr/share/code/resources/app/extensions/typescript-language-features/dist/extension.js:1:206557)
	at h.dispatchMessage (/usr/share/code/resources/app/extensions/typescript-language-features/dist/extension.js:1:205455)
	at /usr/share/code/resources/app/extensions/typescript-language-features/dist/extension.js:1:204931
	at l.fire (/usr/share/code/resources/app/out/vs/workbench/services/extensions/node/extensionHostProcess.js:46:893)
	at t.Reader.onLengthData (/usr/share/code/resources/app/extensions/typescript-language-features/dist/extension.js:1:212021)
	at Socket.<anonymous> (/usr/share/code/resources/app/extensions/typescript-language-features/dist/extension.js:1:211669)
	at Socket.emit (events.js:200:13)
	at addChunk (_stream_readable.js:294:12)
	at readableAddChunk (_stream_readable.js:275:11)
	at Socket.Readable.push (_stream_readable.js:210:10)
	at Pipe.onStreamRead (internal/stream_base_commons.js:166:17)
[2020-01-14 09:40:23.018] [exthost] [error] [vscode.typescript-language-features] provider FAILED
[2020-01-14 09:40:23.018] [exthost] [error] Error: <semantic> TypeScript Server Error (3.7.3)
Cannot read property 'emitNode' of undefined
TypeError: Cannot read property 'emitNode' of undefined
    at Object.getCommentRange (tsserver.js:69029:29)
    at emitNodeList (tsserver.js:92885:51)
    at emitList (tsserver.js:92764:13)
    at Object.writeList (tsserver.js:90188:13)
    at tsserver.js:115321:29
    at Object.mapToDisplayParts (tsserver.js:103874:13)
    at itemInfoForParameters (tsserver.js:115318:41)
    at getSignatureHelpItem (tsserver.js:115284:95)
    at tsserver.js:115257:79
    at Array.map (<anonymous>)
    at createSignatureHelpItems (tsserver.js:115257:36)
    at tsserver.js:114849:23
    at Object.runWithCancellationToken (tsserver.js:33393:28)
    at Object.getSignatureHelpItems (tsserver.js:114847:32)
    at Object.getSignatureHelpItems (tsserver.js:130926:37)
    at IOSession.Session.getSignatureHelpItems (tsserver.js:140489:62)
    at Session.handlers.ts.createMapFromTemplate._a.<computed> (tsserver.js:139415:61)
    at tsserver.js:140929:88
    at IOSession.Session.executeWithRequestId (tsserver.js:140920:28)
    at IOSession.Session.executeCommand (tsserver.js:140929:33)
    at IOSession.Session.onMessage (tsserver.js:140952:35)
    at Interface.<anonymous> (tsserver.js:142267:27)
    at Interface.emit (events.js:200:13)
    at Interface._onLine (readline.js:314:10)
    at Interface._normalWrite (readline.js:459:12)
    at Socket.ondata (readline.js:170:10)
    at Socket.emit (events.js:200:13)
    at addChunk (_stream_readable.js:294:12)
    at readableAddChunk (_stream_readable.js:275:11)
    at Socket.Readable.push (_stream_readable.js:210:10)
    at Pipe.onStreamRead (internal/stream_base_commons.js:166:17)
	at Function.create (/usr/share/code/resources/app/extensions/typescript-language-features/dist/extension.js:1:47388)
	at h.dispatchResponse (/usr/share/code/resources/app/extensions/typescript-language-features/dist/extension.js:1:206557)
	at h.dispatchMessage (/usr/share/code/resources/app/extensions/typescript-language-features/dist/extension.js:1:205455)
	at /usr/share/code/resources/app/extensions/typescript-language-features/dist/extension.js:1:204931
	at l.fire (/usr/share/code/resources/app/out/vs/workbench/services/extensions/node/extensionHostProcess.js:46:893)
	at t.Reader.onLengthData (/usr/share/code/resources/app/extensions/typescript-language-features/dist/extension.js:1:212021)
	at Socket.<anonymous> (/usr/share/code/resources/app/extensions/typescript-language-features/dist/extension.js:1:211669)
	at Socket.emit (events.js:200:13)
	at addChunk (_stream_readable.js:294:12)
	at readableAddChunk (_stream_readable.js:275:11)
	at Socket.Readable.push (_stream_readable.js:210:10)
	at Pipe.onStreamRead (internal/stream_base_commons.js:166:17)
[2020-01-14 09:40:26.859] [exthost] [error] [vscode.typescript-language-features] provider FAILED
[2020-01-14 09:40:26.859] [exthost] [error] Error: <semantic> TypeScript Server Error (3.7.3)
Cannot read property 'emitNode' of undefined
TypeError: Cannot read property 'emitNode' of undefined
    at Object.getCommentRange (tsserver.js:69029:29)
    at emitNodeList (tsserver.js:92885:51)
    at emitList (tsserver.js:92764:13)
    at Object.writeList (tsserver.js:90188:13)
    at tsserver.js:115321:29
    at Object.mapToDisplayParts (tsserver.js:103874:13)
    at itemInfoForParameters (tsserver.js:115318:41)
    at getSignatureHelpItem (tsserver.js:115284:95)
    at tsserver.js:115257:79
    at Array.map (<anonymous>)
    at createSignatureHelpItems (tsserver.js:115257:36)
    at tsserver.js:114849:23
    at Object.runWithCancellationToken (tsserver.js:33393:28)
    at Object.getSignatureHelpItems (tsserver.js:114847:32)
    at Object.getSignatureHelpItems (tsserver.js:130926:37)
    at IOSession.Session.getSignatureHelpItems (tsserver.js:140489:62)
    at Session.handlers.ts.createMapFromTemplate._a.<computed> (tsserver.js:139415:61)
    at tsserver.js:140929:88
    at IOSession.Session.executeWithRequestId (tsserver.js:140920:28)
    at IOSession.Session.executeCommand (tsserver.js:140929:33)
    at IOSession.Session.onMessage (tsserver.js:140952:35)
    at Interface.<anonymous> (tsserver.js:142267:27)
    at Interface.emit (events.js:200:13)
    at Interface._onLine (readline.js:314:10)
    at Interface._normalWrite (readline.js:459:12)
    at Socket.ondata (readline.js:170:10)
    at Socket.emit (events.js:200:13)
    at addChunk (_stream_readable.js:294:12)
    at readableAddChunk (_stream_readable.js:275:11)
    at Socket.Readable.push (_stream_readable.js:210:10)
    at Pipe.onStreamRead (internal/stream_base_commons.js:166:17)
	at Function.create (/usr/share/code/resources/app/extensions/typescript-language-features/dist/extension.js:1:47388)
	at h.dispatchResponse (/usr/share/code/resources/app/extensions/typescript-language-features/dist/extension.js:1:206557)
	at h.dispatchMessage (/usr/share/code/resources/app/extensions/typescript-language-features/dist/extension.js:1:205455)
	at /usr/share/code/resources/app/extensions/typescript-language-features/dist/extension.js:1:204931
	at l.fire (/usr/share/code/resources/app/out/vs/workbench/services/extensions/node/extensionHostProcess.js:46:893)
	at t.Reader.onLengthData (/usr/share/code/resources/app/extensions/typescript-language-features/dist/extension.js:1:212021)
	at Socket.<anonymous> (/usr/share/code/resources/app/extensions/typescript-language-features/dist/extension.js:1:211669)
	at Socket.emit (events.js:200:13)
	at addChunk (_stream_readable.js:294:12)
	at readableAddChunk (_stream_readable.js:275:11)
	at Socket.Readable.push (_stream_readable.js:210:10)
	at Pipe.onStreamRead (internal/stream_base_commons.js:166:17)
